2020-06-07T02:09:24.230Z [my-bank-api] info: API STARTED!!
2020-06-07T02:12:31.077Z [my-bank-api] info: API STARTED!!
2020-06-07T02:12:51.191Z [my-bank-api] info: POST /account - {"id":2,"name":"Maria Rosa","balance":2452.45}
2020-06-07T02:13:30.669Z [my-bank-api] info: POST /account - {"id":3,"name":"Rodrigo Merlin","balance":24.15}
2020-06-07T02:13:48.025Z [my-bank-api] info: POST /account - {"id":4,"name":"Rafael Neves","balance":0}
2020-06-07T02:20:43.843Z [my-bank-api] info: API STARTED!!
2020-06-07T02:21:47.162Z [my-bank-api] info: Put /account/transaction  6641
2020-06-07T02:21:55.709Z [my-bank-api] info: Put /account/  Rodrigo Oliveira
2020-06-07T02:22:02.164Z [my-bank-api] info: Get /account/id 
2020-06-07T02:22:04.593Z [my-bank-api] info: Get /account/id 
2020-06-07T02:22:07.120Z [my-bank-api] info: Get /account 
2020-06-07T02:22:20.861Z [my-bank-api] info: POST /account - {"id":5,"name":"Fabio Lima","balance":5152}
2020-06-08T02:17:11.629Z [my-bank-api] info: API STARTED!!
2020-06-08T02:20:41.379Z [my-bank-api] info: API STARTED!!
2020-06-08T23:05:39.488Z [my-bank-api] info: API STARTED!!
2020-06-08T23:05:44.714Z [my-bank-api] error: Post /account - Cannot read property 'push' of undefined
2020-06-08T23:06:19.906Z [my-bank-api] info: API STARTED!!
2020-06-08T23:06:28.070Z [my-bank-api] error: Post /account - Cannot read property 'push' of undefined
2020-06-08T23:06:38.430Z [my-bank-api] error: Post /account - Cannot read property 'push' of undefined
2020-06-08T23:07:14.039Z [my-bank-api] info: API STARTED!!
2020-06-08T23:07:19.390Z [my-bank-api] info: POST /account - {"id":6,"name":"LIMA FARIA","balance":51544}
2020-06-08T23:07:31.672Z [my-bank-api] info: API STARTED!!
